Build started 2014-12-29 19:05:26.
     1>Project "C:\Users\Piotr\documents\visual studio 2013\Projects\CPAS\CPAS\CPAS.vcxproj" on node 2 (Build target(s)).
     1>AddCudaCompileDeps:
         C:\Program Files (x86)\Microsoft Visual Studio 12.0\VC\bin\x86_amd64\cl.exe /E /nologo /showIncludes /TP /D__CUDACC__ /DWIN32 /DWIN64 /D_DEBUG /D_CONSOLE /D_MBCS /I"C:\Program Files\NVIDIA GPU Computing Toolkit\CUDA\v6.5\include" /I"C:\Program Files\NVIDIA GPU Computing Toolkit\CUDA\v6.5\bin" /I"C:\Program Files\NVIDIA GPU Computing Toolkit\CUDA\v6.5\include" /I. /FIcuda_runtime.h /c "C:\Users\Piotr\documents\visual studio 2013\Projects\CPAS\CPAS\kernel.cu" 
       CudaBuild:
         Compiling CUDA source file kernel.cu...
         cmd.exe /C "C:\Users\Piotr\AppData\Local\Temp\tmp221a0e48430f47dd92eff14d74545332.cmd"
         "C:\Program Files\NVIDIA GPU Computing Toolkit\CUDA\v6.5\bin\nvcc.exe" -gencode=arch=compute_20,code=\"sm_20,compute_20\" --use-local-env --cl-version 2013 -ccbin "C:\Program Files (x86)\Microsoft Visual Studio 12.0\VC\bin\x86_amd64"  -I"C:\Program Files\NVIDIA GPU Computing Toolkit\CUDA\v6.5\include" -I"C:\Program Files\NVIDIA GPU Computing Toolkit\CUDA\v6.5\include"  -G   --keep-dir x64\Debug -maxrregcount=0  --machine 64 --compile -cudart static  -g   -DWIN32 -DWIN64 -D_DEBUG -D_CONSOLE -D_MBCS -Xcompiler "/EHsc /W3 /nologo /Od /Zi /RTC1 /MDd  " -o x64\Debug\kernel.cu.obj "C:\Users\Piotr\documents\visual studio 2013\Projects\CPAS\CPAS\kernel.cu"
         
         C:\Users\Piotr\documents\visual studio 2013\Projects\CPAS\CPAS>"C:\Program Files\NVIDIA GPU Computing Toolkit\CUDA\v6.5\bin\nvcc.exe" -gencode=arch=compute_20,code=\"sm_20,compute_20\" --use-local-env --cl-version 2013 -ccbin "C:\Program Files (x86)\Microsoft Visual Studio 12.0\VC\bin\x86_amd64"  -I"C:\Program Files\NVIDIA GPU Computing Toolkit\CUDA\v6.5\include" -I"C:\Program Files\NVIDIA GPU Computing Toolkit\CUDA\v6.5\include"  -G   --keep-dir x64\Debug -maxrregcount=0  --machine 64 --compile -cudart static  -g   -DWIN32 -DWIN64 -D_DEBUG -D_CONSOLE -D_MBCS -Xcompiler "/EHsc /W3 /nologo /Od /Zi /RTC1 /MDd  " -o x64\Debug\kernel.cu.obj "C:\Users\Piotr\documents\visual studio 2013\Projects\CPAS\CPAS\kernel.cu" 
     1>C:/Users/Piotr/documents/visual studio 2013/Projects/CPAS/CPAS/kernel.cu(6): warning C4067: unexpected tokens following preprocessor directive - expected a newline
     1>C:/Users/Piotr/documents/visual studio 2013/Projects/CPAS/CPAS/kernel.cu(34): warning : variable "index" was declared but never referenced
     1>C:/Users/Piotr/documents/visual studio 2013/Projects/CPAS/CPAS/kernel.cu(131): warning : variable "threadId" was declared but never referenced
     1>C:/Users/Piotr/documents/visual studio 2013/Projects/CPAS/CPAS/kernel.cu(133): warning : variable "pt_indx" was declared but never referenced
     1>C:/Users/Piotr/documents/visual studio 2013/Projects/CPAS/CPAS/kernel.cu(6): warning C4067: unexpected tokens following preprocessor directive - expected a newline
     1>C:/Users/Piotr/documents/visual studio 2013/Projects/CPAS/CPAS/kernel.cu(34): warning : variable "index" was declared but never referenced
     1>C:/Users/Piotr/documents/visual studio 2013/Projects/CPAS/CPAS/kernel.cu(131): warning : variable "threadId" was declared but never referenced
     1>C:/Users/Piotr/documents/visual studio 2013/Projects/CPAS/CPAS/kernel.cu(133): warning : variable "pt_indx" was declared but never referenced
         kernel.cu
     1>C:/Users/Piotr/documents/visual studio 2013/Projects/CPAS/CPAS/kernel.cu(157): warning C4244: '=' : conversion from 'int' to 'float', possible loss of data
     1>C:/Users/Piotr/documents/visual studio 2013/Projects/CPAS/CPAS/kernel.cu(161): warning C4244: '=' : conversion from 'int' to 'float', possible loss of data
     1>C:/Users/Piotr/documents/visual studio 2013/Projects/CPAS/CPAS/kernel.cu(192): warning C4244: '=' : conversion from 'int' to 'float', possible loss of data
     1>C:/Users/Piotr/documents/visual studio 2013/Projects/CPAS/CPAS/kernel.cu(199): warning C4244: '=' : conversion from 'int' to 'float', possible loss of data
     1>C:/Users/Piotr/documents/visual studio 2013/Projects/CPAS/CPAS/kernel.cu(203): warning C4244: 'initializing' : conversion from 'int' to 'float', possible loss of data
     1>C:/Users/Piotr/documents/visual studio 2013/Projects/CPAS/CPAS/kernel.cu(312): warning C4244: 'argument' : conversion from 'float' to 'int', possible loss of data
       Link:
         C:\Program Files (x86)\Microsoft Visual Studio 12.0\VC\bin\x86_amd64\link.exe /ERRORREPORT:PROMPT /OUT:"C:\Users\Piotr\documents\visual studio 2013\Projects\CPAS\x64\Debug\CPAS.exe" /INCREMENTAL /NOLOGO /LIBPATH:"C:\Program Files\NVIDIA GPU Computing Toolkit\CUDA\v6.5\lib\x64" cufft.lib cudart.lib kernel32.lib user32.lib gdi32.lib winspool.lib comdlg32.lib advapi32.lib shell32.lib ole32.lib oleaut32.lib uuid.lib odbc32.lib odbccp32.lib kernel32.lib user32.lib gdi32.lib winspool.lib comdlg32.lib advapi32.lib shell32.lib ole32.lib oleaut32.lib uuid.lib odbc32.lib odbccp32.lib /MANIFEST /MANIFESTUAC:"level='asInvoker' uiAccess='false'" /manifest:embed /DEBUG /PDB:"C:\Users\Piotr\documents\visual studio 2013\Projects\CPAS\x64\Debug\CPAS.pdb" /SUBSYSTEM:CONSOLE /TLBID:1 /DYNAMICBASE /NXCOMPAT /IMPLIB:"C:\Users\Piotr\documents\visual studio 2013\Projects\CPAS\x64\Debug\CPAS.lib" /MACHINE:X64 x64\Debug\kernel.cu.obj
         CPAS.vcxproj -> C:\Users\Piotr\documents\visual studio 2013\Projects\CPAS\x64\Debug\CPAS.exe
       PostBuildEvent:
         echo copy "C:\Program Files\NVIDIA GPU Computing Toolkit\CUDA\v6.5\bin\cudart*.dll" "C:\Users\Piotr\documents\visual studio 2013\Projects\CPAS\x64\Debug\"
         copy "C:\Program Files\NVIDIA GPU Computing Toolkit\CUDA\v6.5\bin\cudart*.dll" "C:\Users\Piotr\documents\visual studio 2013\Projects\CPAS\x64\Debug\"
         :VCEnd
         copy "C:\Program Files\NVIDIA GPU Computing Toolkit\CUDA\v6.5\bin\cudart*.dll" "C:\Users\Piotr\documents\visual studio 2013\Projects\CPAS\x64\Debug\"
         C:\Program Files\NVIDIA GPU Computing Toolkit\CUDA\v6.5\bin\cudart32_65.dll
         C:\Program Files\NVIDIA GPU Computing Toolkit\CUDA\v6.5\bin\cudart64_65.dll
         Liczba skopiowanych plików:         2.
     1>Done Building Project "C:\Users\Piotr\documents\visual studio 2013\Projects\CPAS\CPAS\CPAS.vcxproj" (Build target(s)).

Build succeeded.

Time Elapsed 00:00:03.98
